This file contains any messages produced by compilers while
running configure, to aid debugging if configure makes a mistake.

It was created by assistor configure 0.5, which was
generated by GNU Autoconf 2.69.  Invocation command line was

  $ ./configure 

## --------- ##
## Platform. ##
## --------- ##

hostname = dsh
uname -m = x86_64
uname -r = 2.6.32-358.el6.x86_64
uname -s = Linux
uname -v = #1 SMP Fri Feb 22 00:31:26 UTC 2013

/usr/bin/uname -p = unknown
/bin/uname -X     = unknown

/bin/arch              = x86_64
/usr/bin/arch -k       = unknown
/usr/convex/getsysinfo = unknown
/usr/bin/hostinfo      = unknown
/bin/machine           = unknown
/usr/bin/oslevel       = unknown
/bin/universe          = unknown

PATH: /opt/eclipse
PATH: /usr/lib64/qt-3.3/bin
PATH: /usr/local/sbin
PATH: /usr/local/bin
PATH: /sbin
PATH: /bin
PATH: /usr/sbin
PATH: /usr/bin
PATH: /root/bin


## ----------- ##
## Core tests. ##
## ----------- ##

configure:2231: checking for a BSD-compatible install
configure:2299: result: /usr/bin/install -c
configure:2310: checking whether build environment is sane
configure:2360: result: yes
configure:2501: checking for a thread-safe mkdir -p
configure:2540: result: /bin/mkdir -p
configure:2553: checking for gawk
configure:2569: found /bin/gawk
configure:2580: result: gawk
configure:2591: checking whether make sets $(MAKE)
configure:2613: result: yes
configure:2745: checking for gcc
configure:2761: found /usr/bin/gcc
configure:2772: result: gcc
configure:3001: checking for C compiler version
configure:3010: gcc --version >&5
gcc (GCC) 4.4.7 20120313 (Red Hat 4.4.7-11)
Copyright (C) 2010 Free Software Foundation, Inc.
This is free software; see the source for copying conditions.  There is NO
warranty; not even for MERCHANTABILITY or FITNESS FOR A PARTICULAR PURPOSE.

configure:3021: $? = 0
configure:3010: gcc -v >&5
Using built-in specs.
Target: x86_64-redhat-linux
Configured with: ../configure --prefix=/usr --mandir=/usr/share/man --infodir=/usr/share/info --with-bugurl=http://bugzilla.redhat.com/bugzilla --enable-bootstrap --enable-shared --enable-threads=posix --enable-checking=release --with-system-zlib --enable-__cxa_atexit --disable-libunwind-exceptions --enable-gnu-unique-object --enable-languages=c,c++,objc,obj-c++,java,fortran,ada --enable-java-awt=gtk --disable-dssi --with-java-home=/usr/lib/jvm/java-1.5.0-gcj-1.5.0.0/jre --enable-libgcj-multifile --enable-java-maintainer-mode --with-ecj-jar=/usr/share/java/eclipse-ecj.jar --disable-libjava-multilib --with-ppl --with-cloog --with-tune=generic --with-arch_32=i686 --build=x86_64-redhat-linux
Thread model: posix
gcc version 4.4.7 20120313 (Red Hat 4.4.7-11) (GCC) 
configure:3021: $? = 0
configure:3010: gcc -V >&5
gcc: '-V' option must have argument
configure:3021: $? = 1
configure:3010: gcc -qversion >&5
gcc: unrecognized option '-qversion'
gcc: no input files
configure:3021: $? = 1
configure:3041: checking whether the C compiler works
configure:3063: gcc    conftest.c  >&5
configure:3067: $? = 0
configure:3115: result: yes
configure:3118: checking for C compiler default output file name
configure:3120: result: a.out
configure:3126: checking for suffix of executables
configure:3133: gcc -o conftest    conftest.c  >&5
configure:3137: $? = 0
configure:3159: result: 
configure:3181: checking whether we are cross compiling
configure:3189: gcc -o conftest    conftest.c  >&5
configure:3193: $? = 0
configure:3200: ./conftest
configure:3204: $? = 0
configure:3219: result: no
configure:3224: checking for suffix of object files
configure:3246: gcc -c   conftest.c >&5
configure:3250: $? = 0
configure:3271: result: o
configure:3275: checking whether we are using the GNU C compiler
configure:3294: gcc -c   conftest.c >&5
configure:3294: $? = 0
configure:3303: result: yes
configure:3312: checking whether gcc accepts -g
configure:3332: gcc -c -g  conftest.c >&5
configure:3332: $? = 0
configure:3373: result: yes
configure:3390: checking for gcc option to accept ISO C89
configure:3453: gcc  -c -g -O2  conftest.c >&5
configure:3453: $? = 0
configure:3466: result: none needed
configure:3497: checking for style of include used by make
configure:3525: result: GNU
configure:3550: checking dependency style of gcc
configure:3660: result: gcc3
configure:3679: checking for main in -lcairo
configure:3698: gcc -o conftest -g -O2   conftest.c -lcairo   >&5
configure:3698: $? = 0
configure:3707: result: yes
configure:3719: checking for main in -lcurl
configure:3738: gcc -o conftest -g -O2   conftest.c -lcurl  -lcairo  >&5
configure:3738: $? = 0
configure:3747: result: yes
configure:3759: checking for main in -lfontconfig
configure:3778: gcc -o conftest -g -O2   conftest.c -lfontconfig  -lcurl -lcairo  >&5
configure:3778: $? = 0
configure:3787: result: yes
configure:3799: checking for main in -lfreetype
configure:3818: gcc -o conftest -g -O2   conftest.c -lfreetype  -lfontconfig -lcurl -lcairo  >&5
configure:3818: $? = 0
configure:3827: result: yes
configure:3839: checking for main in -lrt
configure:3858: gcc -o conftest -g -O2   conftest.c -lrt  -lfreetype -lfontconfig -lcurl -lcairo  >&5
configure:3858: $? = 0
configure:3867: result: yes
configure:3885: checking how to run the C preprocessor
configure:3916: gcc -E  conftest.c
configure:3916: $? = 0
configure:3930: gcc -E  conftest.c
conftest.c:16:28: error: ac_nonexistent.h: No such file or directory
configure:3930: $? = 1
configure: failed program was:
| /* confdefs.h */
| #define PACKAGE_NAME "assistor"
| #define PACKAGE_TARNAME "assistor"
| #define PACKAGE_VERSION "0.5"
| #define PACKAGE_STRING "assistor 0.5"
| #define PACKAGE_BUGREPORT "wencheng.yang@cs2c.com"
| #define PACKAGE_URL ""
| #define PACKAGE "assistor"
| #define VERSION "2.69"
| #define HAVE_LIBCAIRO 1
| #define HAVE_LIBCURL 1
| #define HAVE_LIBFONTCONFIG 1
| #define HAVE_LIBFREETYPE 1
| #define HAVE_LIBRT 1
| /* end confdefs.h.  */
| #include <ac_nonexistent.h>
configure:3955: result: gcc -E
configure:3975: gcc -E  conftest.c
configure:3975: $? = 0
configure:3989: gcc -E  conftest.c
conftest.c:16:28: error: ac_nonexistent.h: No such file or directory
configure:3989: $? = 1
configure: failed program was:
| /* confdefs.h */
| #define PACKAGE_NAME "assistor"
| #define PACKAGE_TARNAME "assistor"
| #define PACKAGE_VERSION "0.5"
| #define PACKAGE_STRING "assistor 0.5"
| #define PACKAGE_BUGREPORT "wencheng.yang@cs2c.com"
| #define PACKAGE_URL ""
| #define PACKAGE "assistor"
| #define VERSION "2.69"
| #define HAVE_LIBCAIRO 1
| #define HAVE_LIBCURL 1
| #define HAVE_LIBFONTCONFIG 1
| #define HAVE_LIBFREETYPE 1
| #define HAVE_LIBRT 1
| /* end confdefs.h.  */
| #include <ac_nonexistent.h>
configure:4018: checking for grep that handles long lines and -e
configure:4076: result: /bin/grep
configure:4081: checking for egrep
configure:4143: result: /bin/grep -E
configure:4148: checking for ANSI C header files
configure:4168: gcc -c -g -O2  conftest.c >&5
configure:4168: $? = 0
configure:4241: gcc -o conftest -g -O2   conftest.c -lrt -lfreetype -lfontconfig -lcurl -lcairo  >&5
configure:4241: $? = 0
configure:4241: ./conftest
configure:4241: $? = 0
configure:4252: result: yes
configure:4265: checking for sys/types.h
configure:4265: gcc -c -g -O2  conftest.c >&5
configure:4265: $? = 0
configure:4265: result: yes
configure:4265: checking for sys/stat.h
configure:4265: gcc -c -g -O2  conftest.c >&5
configure:4265: $? = 0
configure:4265: result: yes
configure:4265: checking for stdlib.h
configure:4265: gcc -c -g -O2  conftest.c >&5
configure:4265: $? = 0
configure:4265: result: yes
configure:4265: checking for string.h
configure:4265: gcc -c -g -O2  conftest.c >&5
configure:4265: $? = 0
configure:4265: result: yes
configure:4265: checking for memory.h
configure:4265: gcc -c -g -O2  conftest.c >&5
configure:4265: $? = 0
configure:4265: result: yes
configure:4265: checking for strings.h
configure:4265: gcc -c -g -O2  conftest.c >&5
configure:4265: $? = 0
configure:4265: result: yes
configure:4265: checking for inttypes.h
configure:4265: gcc -c -g -O2  conftest.c >&5
configure:4265: $? = 0
configure:4265: result: yes
configure:4265: checking for stdint.h
configure:4265: gcc -c -g -O2  conftest.c >&5
configure:4265: $? = 0
configure:4265: result: yes
configure:4265: checking for unistd.h
configure:4265: gcc -c -g -O2  conftest.c >&5
configure:4265: $? = 0
configure:4265: result: yes
configure:4280: checking for stdlib.h
configure:4280: result: yes
configure:4280: checking for string.h
configure:4280: result: yes
configure:4280: checking sys/time.h usability
configure:4280: gcc -c -g -O2  conftest.c >&5
configure:4280: $? = 0
configure:4280: result: yes
configure:4280: checking sys/time.h presence
configure:4280: gcc -E  conftest.c
configure:4280: $? = 0
configure:4280: result: yes
configure:4280: checking for sys/time.h
configure:4280: result: yes
configure:4292: checking for stdbool.h that conforms to C99
configure:4359: gcc -c -g -O2  conftest.c >&5
configure:4359: $? = 0
configure:4366: result: yes
configure:4368: checking for _Bool
configure:4368: gcc -c -g -O2  conftest.c >&5
configure:4368: $? = 0
configure:4368: gcc -c -g -O2  conftest.c >&5
conftest.c: In function 'main':
conftest.c:65: error: expected expression before ')' token
configure:4368: $? = 1
configure: failed program was:
| /* confdefs.h */
| #define PACKAGE_NAME "assistor"
| #define PACKAGE_TARNAME "assistor"
| #define PACKAGE_VERSION "0.5"
| #define PACKAGE_STRING "assistor 0.5"
| #define PACKAGE_BUGREPORT "wencheng.yang@cs2c.com"
| #define PACKAGE_URL ""
| #define PACKAGE "assistor"
| #define VERSION "2.69"
| #define HAVE_LIBCAIRO 1
| #define HAVE_LIBCURL 1
| #define HAVE_LIBFONTCONFIG 1
| #define HAVE_LIBFREETYPE 1
| #define HAVE_LIBRT 1
| #define STDC_HEADERS 1
| #define HAVE_SYS_TYPES_H 1
| #define HAVE_SYS_STAT_H 1
| #define HAVE_STDLIB_H 1
| #define HAVE_STRING_H 1
| #define HAVE_MEMORY_H 1
| #define HAVE_STRINGS_H 1
| #define HAVE_INTTYPES_H 1
| #define HAVE_STDINT_H 1
| #define HAVE_UNISTD_H 1
| #define HAVE_STDLIB_H 1
| #define HAVE_STRING_H 1
| #define HAVE_SYS_TIME_H 1
| /* end confdefs.h.  */
| #include <stdio.h>
| #ifdef HAVE_SYS_TYPES_H
| # include <sys/types.h>
| #endif
| #ifdef HAVE_SYS_STAT_H
| # include <sys/stat.h>
| #endif
| #ifdef STDC_HEADERS
| # include <stdlib.h>
| # include <stddef.h>
| #else
| # ifdef HAVE_STDLIB_H
| #  include <stdlib.h>
| # endif
| #endif
| #ifdef HAVE_STRING_H
| # if !defined STDC_HEADERS && defined HAVE_MEMORY_H
| #  include <memory.h>
| # endif
| # include <string.h>
| #endif
| #ifdef HAVE_STRINGS_H
| # include <strings.h>
| #endif
| #ifdef HAVE_INTTYPES_H
| # include <inttypes.h>
| #endif
| #ifdef HAVE_STDINT_H
| # include <stdint.h>
| #endif
| #ifdef HAVE_UNISTD_H
| # include <unistd.h>
| #endif
| int
| main ()
| {
| if (sizeof ((_Bool)))
| 	    return 0;
|   ;
|   return 0;
| }
configure:4368: result: yes
configure:4379: checking for size_t
configure:4379: gcc -c -g -O2  conftest.c >&5
configure:4379: $? = 0
configure:4379: gcc -c -g -O2  conftest.c >&5
conftest.c: In function 'main':
conftest.c:66: error: expected expression before ')' token
configure:4379: $? = 1
configure: failed program was:
| /* confdefs.h */
| #define PACKAGE_NAME "assistor"
| #define PACKAGE_TARNAME "assistor"
| #define PACKAGE_VERSION "0.5"
| #define PACKAGE_STRING "assistor 0.5"
| #define PACKAGE_BUGREPORT "wencheng.yang@cs2c.com"
| #define PACKAGE_URL ""
| #define PACKAGE "assistor"
| #define VERSION "2.69"
| #define HAVE_LIBCAIRO 1
| #define HAVE_LIBCURL 1
| #define HAVE_LIBFONTCONFIG 1
| #define HAVE_LIBFREETYPE 1
| #define HAVE_LIBRT 1
| #define STDC_HEADERS 1
| #define HAVE_SYS_TYPES_H 1
| #define HAVE_SYS_STAT_H 1
| #define HAVE_STDLIB_H 1
| #define HAVE_STRING_H 1
| #define HAVE_MEMORY_H 1
| #define HAVE_STRINGS_H 1
| #define HAVE_INTTYPES_H 1
| #define HAVE_STDINT_H 1
| #define HAVE_UNISTD_H 1
| #define HAVE_STDLIB_H 1
| #define HAVE_STRING_H 1
| #define HAVE_SYS_TIME_H 1
| #define HAVE__BOOL 1
| /* end confdefs.h.  */
| #include <stdio.h>
| #ifdef HAVE_SYS_TYPES_H
| # include <sys/types.h>
| #endif
| #ifdef HAVE_SYS_STAT_H
| # include <sys/stat.h>
| #endif
| #ifdef STDC_HEADERS
| # include <stdlib.h>
| # include <stddef.h>
| #else
| # ifdef HAVE_STDLIB_H
| #  include <stdlib.h>
| # endif
| #endif
| #ifdef HAVE_STRING_H
| # if !defined STDC_HEADERS && defined HAVE_MEMORY_H
| #  include <memory.h>
| # endif
| # include <string.h>
| #endif
| #ifdef HAVE_STRINGS_H
| # include <strings.h>
| #endif
| #ifdef HAVE_INTTYPES_H
| # include <inttypes.h>
| #endif
| #ifdef HAVE_STDINT_H
| # include <stdint.h>
| #endif
| #ifdef HAVE_UNISTD_H
| # include <unistd.h>
| #endif
| int
| main ()
| {
| if (sizeof ((size_t)))
| 	    return 0;
|   ;
|   return 0;
| }
configure:4379: result: yes
configure:4394: checking for stdlib.h
configure:4394: result: yes
configure:4404: checking for GNU libc compatible malloc
configure:4428: gcc -o conftest -g -O2   conftest.c -lrt -lfreetype -lfontconfig -lcurl -lcairo  >&5
configure:4428: $? = 0
configure:4428: ./conftest
configure:4428: $? = 0
configure:4438: result: yes
configure:4462: checking for gettimeofday
configure:4462: gcc -o conftest -g -O2   conftest.c -lrt -lfreetype -lfontconfig -lcurl -lcairo  >&5
configure:4462: $? = 0
configure:4462: result: yes
configure:4462: checking for memset
configure:4462: gcc -o conftest -g -O2   conftest.c -lrt -lfreetype -lfontconfig -lcurl -lcairo  >&5
conftest.c:56: warning: conflicting types for built-in function 'memset'
configure:4462: $? = 0
configure:4462: result: yes
configure:4462: checking for strndup
configure:4462: gcc -o conftest -g -O2   conftest.c -lrt -lfreetype -lfontconfig -lcurl -lcairo  >&5
conftest.c:57: warning: conflicting types for built-in function 'strndup'
configure:4462: $? = 0
configure:4462: result: yes
configure:4462: checking for strstr
configure:4462: gcc -o conftest -g -O2   conftest.c -lrt -lfreetype -lfontconfig -lcurl -lcairo  >&5
conftest.c:58: warning: conflicting types for built-in function 'strstr'
configure:4462: $? = 0
configure:4462: result: yes
configure:4604: creating ./config.status

## ---------------------- ##
## Running config.status. ##
## ---------------------- ##

This file was extended by assistor config.status 0.5, which was
generated by GNU Autoconf 2.69.  Invocation command line was

  CONFIG_FILES    = 
  CONFIG_HEADERS  = 
  CONFIG_LINKS    = 
  CONFIG_COMMANDS = 
  $ ./config.status 

on dsh

config.status:865: creating Makefile
config.status:865: creating src/Makefile
config.status:865: creating desktop/Makefile
config.status:865: creating pixmaps/Makefile
config.status:865: creating config.h
config.status:1046: config.h is unchanged
config.status:1094: executing depfiles commands

## ---------------- ##
## Cache variables. ##
## ---------------- ##

ac_cv_c_compiler_gnu=yes
ac_cv_env_CC_set=
ac_cv_env_CC_value=
ac_cv_env_CFLAGS_set=
ac_cv_env_CFLAGS_value=
ac_cv_env_CPPFLAGS_set=
ac_cv_env_CPPFLAGS_value=
ac_cv_env_CPP_set=
ac_cv_env_CPP_value=
ac_cv_env_LDFLAGS_set=
ac_cv_env_LDFLAGS_value=
ac_cv_env_LIBS_set=
ac_cv_env_LIBS_value=
ac_cv_env_build_alias_set=
ac_cv_env_build_alias_value=
ac_cv_env_host_alias_set=
ac_cv_env_host_alias_value=
ac_cv_env_target_alias_set=
ac_cv_env_target_alias_value=
ac_cv_func_gettimeofday=yes
ac_cv_func_malloc_0_nonnull=yes
ac_cv_func_memset=yes
ac_cv_func_strndup=yes
ac_cv_func_strstr=yes
ac_cv_header_inttypes_h=yes
ac_cv_header_memory_h=yes
ac_cv_header_stdbool_h=yes
ac_cv_header_stdc=yes
ac_cv_header_stdint_h=yes
ac_cv_header_stdlib_h=yes
ac_cv_header_string_h=yes
ac_cv_header_strings_h=yes
ac_cv_header_sys_stat_h=yes
ac_cv_header_sys_time_h=yes
ac_cv_header_sys_types_h=yes
ac_cv_header_unistd_h=yes
ac_cv_lib_cairo_main=yes
ac_cv_lib_curl_main=yes
ac_cv_lib_fontconfig_main=yes
ac_cv_lib_freetype_main=yes
ac_cv_lib_rt_main=yes
ac_cv_objext=o
ac_cv_path_EGREP='/bin/grep -E'
ac_cv_path_GREP=/bin/grep
ac_cv_path_install='/usr/bin/install -c'
ac_cv_path_mkdir=/bin/mkdir
ac_cv_prog_AWK=gawk
ac_cv_prog_CPP='gcc -E'
ac_cv_prog_ac_ct_CC=gcc
ac_cv_prog_cc_c89=
ac_cv_prog_cc_g=yes
ac_cv_prog_make_make_set=yes
ac_cv_type__Bool=yes
ac_cv_type_size_t=yes
am_cv_CC_dependencies_compiler_type=gcc3

## ----------------- ##
## Output variables. ##
## ----------------- ##

ACLOCAL='${SHELL} /root/project/eclipse/assistor/missing --run aclocal-1.11'
AMDEPBACKSLASH='\'
AMDEP_FALSE='#'
AMDEP_TRUE=''
AMTAR='${SHELL} /root/project/eclipse/assistor/missing --run tar'
AUTOCONF='${SHELL} /root/project/eclipse/assistor/missing --run autoconf'
AUTOHEADER='${SHELL} /root/project/eclipse/assistor/missing --run autoheader'
AUTOMAKE='${SHELL} /root/project/eclipse/assistor/missing --run automake-1.11'
AWK='gawk'
CC='gcc'
CCDEPMODE='depmode=gcc3'
CFLAGS='-g -O2'
CPP='gcc -E'
CPPFLAGS=''
CYGPATH_W='echo'
DEFS='-DHAVE_CONFIG_H'
DEPDIR='.deps'
ECHO_C=''
ECHO_N='-n'
ECHO_T=''
EGREP='/bin/grep -E'
EXEEXT=''
GREP='/bin/grep'
INSTALL_DATA='${INSTALL} -m 644'
INSTALL_PROGRAM='${INSTALL}'
INSTALL_SCRIPT='${INSTALL}'
INSTALL_STRIP_PROGRAM='$(install_sh) -c -s'
LDFLAGS=''
LIBOBJS=''
LIBS='-lrt -lfreetype -lfontconfig -lcurl -lcairo '
LTLIBOBJS=''
MAKEINFO='${SHELL} /root/project/eclipse/assistor/missing --run makeinfo'
MKDIR_P='/bin/mkdir -p'
OBJEXT='o'
PACKAGE='assistor'
PACKAGE_BUGREPORT='wencheng.yang@cs2c.com'
PACKAGE_NAME='assistor'
PACKAGE_STRING='assistor 0.5'
PACKAGE_TARNAME='assistor'
PACKAGE_URL=''
PACKAGE_VERSION='0.5'
PATH_SEPARATOR=':'
SET_MAKE=''
SHELL='/bin/sh'
STRIP=''
VERSION='2.69'
ac_ct_CC='gcc'
am__EXEEXT_FALSE=''
am__EXEEXT_TRUE='#'
am__fastdepCC_FALSE='#'
am__fastdepCC_TRUE=''
am__include='include'
am__isrc=''
am__leading_dot='.'
am__quote=''
am__tar='${AMTAR} chof - "$$tardir"'
am__untar='${AMTAR} xf -'
bindir='${exec_prefix}/bin'
build_alias=''
datadir='${datarootdir}'
datarootdir='${prefix}/share'
docdir='${datarootdir}/doc/${PACKAGE_TARNAME}'
dvidir='${docdir}'
exec_prefix='${prefix}'
host_alias=''
htmldir='${docdir}'
includedir='${prefix}/include'
infodir='${datarootdir}/info'
install_sh='${SHELL} /root/project/eclipse/assistor/install-sh'
libdir='${exec_prefix}/lib'
libexecdir='${exec_prefix}/libexec'
localedir='${datarootdir}/locale'
localstatedir='${prefix}/var'
mandir='${datarootdir}/man'
mkdir_p='/bin/mkdir -p'
oldincludedir='/usr/include'
pdfdir='${docdir}'
prefix='/usr/local'
program_transform_name='s,x,x,'
psdir='${docdir}'
sbindir='${exec_prefix}/sbin'
sharedstatedir='${prefix}/com'
sysconfdir='${prefix}/etc'
target_alias=''

## ----------- ##
## confdefs.h. ##
## ----------- ##

/* confdefs.h */
#define PACKAGE_NAME "assistor"
#define PACKAGE_TARNAME "assistor"
#define PACKAGE_VERSION "0.5"
#define PACKAGE_STRING "assistor 0.5"
#define PACKAGE_BUGREPORT "wencheng.yang@cs2c.com"
#define PACKAGE_URL ""
#define PACKAGE "assistor"
#define VERSION "2.69"
#define HAVE_LIBCAIRO 1
#define HAVE_LIBCURL 1
#define HAVE_LIBFONTCONFIG 1
#define HAVE_LIBFREETYPE 1
#define HAVE_LIBRT 1
#define STDC_HEADERS 1
#define HAVE_SYS_TYPES_H 1
#define HAVE_SYS_STAT_H 1
#define HAVE_STDLIB_H 1
#define HAVE_STRING_H 1
#define HAVE_MEMORY_H 1
#define HAVE_STRINGS_H 1
#define HAVE_INTTYPES_H 1
#define HAVE_STDINT_H 1
#define HAVE_UNISTD_H 1
#define HAVE_STDLIB_H 1
#define HAVE_STRING_H 1
#define HAVE_SYS_TIME_H 1
#define HAVE__BOOL 1
#define HAVE_STDLIB_H 1
#define HAVE_MALLOC 1
#define HAVE_GETTIMEOFDAY 1
#define HAVE_MEMSET 1
#define HAVE_STRNDUP 1
#define HAVE_STRSTR 1

configure: exit 0

## ---------------------- ##
## Running config.status. ##
## ---------------------- ##

This file was extended by assistor config.status 0.5, which was
generated by GNU Autoconf 2.69.  Invocation command line was

  CONFIG_FILES    = 
  CONFIG_HEADERS  = 
  CONFIG_LINKS    = 
  CONFIG_COMMANDS = 
  $ ./config.status config.h

on dsh

config.status:865: creating config.h
config.status:1046: config.h is unchanged
